2024-11-23 21:47:25 - INFO - CAN bus initialized successfully using Vector interface.
2024-11-23 21:47:25 - INFO - Message sent successfully on Application fileSenderApp: CAN 1 with arbitration_id=0xC0FFEE and data=bytearray(b'\x00\x19\x00\x01\x03\x01\x04\x01')
2024-11-23 21:47:25 - INFO - CAN operation complete.
2024-11-23 21:47:43 - INFO - CAN bus initialized successfully using Vector interface.
2024-11-23 21:47:43 - INFO - Message sent successfully on Application fileSenderApp: CAN 1 with arbitration_id=0xC0FFEE and data=bytearray(b'\x00\x19\x00\x01\x03\x01\x04\x01')
2024-11-23 21:47:43 - INFO - CAN operation complete.
2024-11-23 21:48:58 - INFO - CAN bus initialized successfully using Vector interface.
2024-11-23 21:48:58 - INFO - Message sent successfully on Application fileSenderApp: CAN 1 with arbitration_id=0xC0FFEE and data=bytearray(b'\x00\x19\x00\x01\x03\x01\x04\x01')
2024-11-23 21:48:58 - INFO - CAN operation complete.
2024-11-23 21:49:32 - INFO - CAN bus initialized successfully using Vector interface.
2024-11-23 21:49:32 - INFO - Message sent successfully on Application fileSenderApp: CAN 1 with arbitration_id=0xC0FFEE and data=bytearray(b'\x00\x19\x00\x01\x03\x01\x04\x01')
2024-11-23 21:49:32 - INFO - CAN operation complete.
2024-11-23 21:52:09 - INFO - CAN operation complete.
2024-11-23 22:33:39 - INFO - CAN bus initialized successfully.
2024-11-23 22:33:39 - INFO - Message sent with arbitration_id=0xC0FFEE and data=bytearray(b'\x00\x19\x00\x01\x03\x01\x04\x01')
2024-11-23 22:33:44 - WARNING - No acknowledgment received. Retrying...
2024-11-23 22:33:44 - INFO - Message sent with arbitration_id=0xC0FFEE and data=bytearray(b'\x00\x19\x00\x01\x03\x01\x04\x01')
2024-11-23 22:33:49 - WARNING - No acknowledgment received. Retrying...
2024-11-23 22:33:49 - INFO - Message sent with arbitration_id=0xC0FFEE and data=bytearray(b'\x00\x19\x00\x01\x03\x01\x04\x01')
2024-11-23 22:33:49 - INFO - Acknowledgment received for arbitration_id=0xC0FFEE
2024-11-23 22:33:49 - INFO - CAN operation complete.
2024-11-23 22:34:27 - INFO - CAN bus initialized successfully.
2024-11-23 22:34:27 - INFO - Message sent with arbitration_id=0xC0FFEE and data=bytearray(b'\x00\x19\x00\x01\x03\x01\x04\x01')
2024-11-23 22:34:27 - INFO - Acknowledgment received for arbitration_id=0xC0FFEE
2024-11-23 22:34:27 - INFO - CAN operation complete.
2024-11-23 22:57:11 - INFO - CAN bus initialized successfully.
2024-11-23 22:57:11 - INFO - Message sent with arbitration_id=0xC0FFEE and data=bytearray(b'\x00\x19\x00\x01\x03\x01\x04\x01')
2024-11-23 22:57:11 - INFO - Acknowledgment received for arbitration_id=0xC0FFEE
2024-11-23 22:57:11 - INFO - CAN operation complete.
2024-11-23 23:08:20 - INFO - CAN bus initialized successfully.
2024-11-23 23:08:20 - INFO - CAN operation complete.
2024-11-23 23:09:51 - INFO - CAN bus initialized successfully.
2024-11-23 23:09:51 - INFO - CAN operation complete.
2024-11-23 23:11:25 - INFO - CAN bus initialized successfully.
2024-11-23 23:11:25 - INFO - CAN operation complete.
2024-11-23 23:24:06 - INFO - CAN bus initialized successfully.
2024-11-23 23:24:06 - INFO - CAN operation complete.
2024-11-23 23:33:33 - INFO - CAN bus initialized successfully.
2024-11-23 23:33:33 - INFO - Message sent with arbitration_id=0xC0FFEE and data=bytearray(b'\x00\x19\x00\x01\x03\x01\x04\x01\x05\t\n')
2024-11-23 23:33:33 - INFO - Acknowledgment received for arbitration_id=0xC0FFEE
2024-11-23 23:33:33 - INFO - CAN operation complete.
2024-11-23 23:34:50 - INFO - CAN bus initialized successfully.
2024-11-23 23:34:50 - INFO - CAN operation complete.
2024-11-23 23:36:25 - INFO - CAN bus initialized successfully.
2024-11-23 23:36:25 - INFO - Message sent with arbitration_id=0xC0FFEE and data=bytearray(b'\x00\x19\x00\x01\x03\x01\x04\x01\x05\t\n')
2024-11-23 23:36:25 - INFO - Acknowledgment received for arbitration_id=0xC0FFEE
2024-11-23 23:36:25 - INFO - CAN operation complete.
2024-11-23 23:37:28 - INFO - CAN bus initialized successfully.
2024-11-23 23:37:28 - INFO - CAN operation complete.
2024-11-23 23:40:52 - INFO - CAN bus initialized successfully.
2024-11-23 23:40:52 - INFO - CAN operation complete.
2024-11-23 23:41:49 - INFO - CAN bus initialized successfully.
2024-11-23 23:41:49 - INFO - Message sent with arbitration_id=0xC0FFEE and data=bytearray(b'\x00\x19\x00\x01\x03\x01\x04\x01\x05\t\n')
2024-11-23 23:41:49 - INFO - Acknowledgment received for arbitration_id=0xC0FFEE
2024-11-23 23:41:49 - INFO - CAN operation complete.
2024-11-23 23:42:50 - INFO - CAN bus initialized successfully.
2024-11-23 23:42:50 - INFO - CAN operation complete.
2024-11-23 23:44:10 - INFO - CAN bus initialized successfully.
2024-11-23 23:44:10 - INFO - Message sent with arbitration_id=0xC0FFEE and data=bytearray(b'\x00\x19\x00\x01\x03\x01\x04\x01')
2024-11-23 23:44:10 - INFO - Acknowledgment received for arbitration_id=0xC0FFEE
2024-11-23 23:44:10 - INFO - CAN operation complete.
2024-11-23 23:44:46 - INFO - CAN bus initialized successfully.
2024-11-23 23:44:46 - INFO - CAN operation complete.
2024-11-24 00:09:25 - INFO - CAN bus initialized successfully.
2024-11-24 00:09:25 - INFO - CAN operation complete.
2024-11-24 00:10:05 - INFO - CAN bus initialized successfully.
2024-11-24 00:10:05 - INFO - Message sent with arbitration_id=0x33 and data=bytearray(b'\x00\x19\x00\x01\x03\x01\x04\x01')
2024-11-24 00:10:05 - WARNING - No acknowledgment received. Retrying...
2024-11-24 00:10:05 - INFO - Message sent with arbitration_id=0x33 and data=bytearray(b'\x00\x19\x00\x01\x03\x01\x04\x01')
2024-11-24 00:10:05 - WARNING - No acknowledgment received. Retrying...
2024-11-24 00:10:05 - INFO - Message sent with arbitration_id=0x33 and data=bytearray(b'\x00\x19\x00\x01\x03\x01\x04\x01')
2024-11-24 00:10:05 - WARNING - No acknowledgment received. Retrying...
2024-11-24 00:10:05 - INFO - CAN operation complete.
2024-11-24 00:11:22 - INFO - CAN bus initialized successfully.
2024-11-24 00:11:22 - INFO - Message sent with arbitration_id=0x33 and data=bytearray(b'\x00\x19\x00\x01\x03\x01\x04\x01')
2024-11-24 00:11:22 - WARNING - No acknowledgment received. Retrying...
2024-11-24 00:11:22 - INFO - Message sent with arbitration_id=0x33 and data=bytearray(b'\x00\x19\x00\x01\x03\x01\x04\x01')
2024-11-24 00:11:22 - WARNING - No acknowledgment received. Retrying...
2024-11-24 00:11:22 - INFO - Message sent with arbitration_id=0x33 and data=bytearray(b'\x00\x19\x00\x01\x03\x01\x04\x01')
2024-11-24 00:11:22 - WARNING - No acknowledgment received. Retrying...
2024-11-24 00:11:22 - INFO - CAN operation complete.
2024-11-24 00:12:38 - INFO - CAN bus initialized successfully.
2024-11-24 00:12:38 - INFO - Message sent with arbitration_id=0x33 and data=bytearray(b'\x00\x19\x00\x01\x03\x01\x04\x01')
2024-11-24 00:12:38 - WARNING - No acknowledgment received. Retrying...
2024-11-24 00:12:38 - INFO - Message sent with arbitration_id=0x33 and data=bytearray(b'\x00\x19\x00\x01\x03\x01\x04\x01')
2024-11-24 00:12:38 - WARNING - No acknowledgment received. Retrying...
2024-11-24 00:12:38 - INFO - Message sent with arbitration_id=0x33 and data=bytearray(b'\x00\x19\x00\x01\x03\x01\x04\x01')
2024-11-24 00:12:38 - WARNING - No acknowledgment received. Retrying...
2024-11-24 00:12:38 - INFO - CAN operation complete.
2024-11-24 00:14:44 - INFO - CAN bus initialized successfully.
2024-11-24 00:14:44 - INFO - Message sent with arbitration_id=0x33 and data=bytearray(b'\x00\x19\x00\x01\x03\x01\x04\x01')
2024-11-24 00:14:44 - INFO - Acknowledgment received for arbitration_id=0x33
2024-11-24 00:14:44 - INFO - CAN operation complete.
2024-11-24 00:14:54 - INFO - CAN bus initialized successfully.
2024-11-24 00:14:54 - INFO - Message sent with arbitration_id=0x33 and data=bytearray(b'\x00\x19\x00\x01\x03\x01\x04\x01')
2024-11-24 00:14:54 - INFO - Acknowledgment received for arbitration_id=0x33
2024-11-24 00:14:54 - INFO - CAN operation complete.
2024-11-24 00:18:00 - INFO - CAN bus initialized successfully.
2024-11-24 00:18:00 - INFO - Message sent with arbitration_id=0x33 and data=bytearray(b'\x00\x19\x00\x01\x03\x01\x04\x01')
2024-11-24 00:18:00 - INFO - Acknowledgment received for arbitration_id=0x33
2024-11-24 00:18:00 - INFO - CAN operation complete.
2024-11-24 00:18:04 - INFO - CAN bus initialized successfully.
2024-11-24 00:18:04 - INFO - Message sent with arbitration_id=0x33 and data=bytearray(b'\x00\x19\x00\x01\x03\x01\x04\x01')
2024-11-24 00:18:04 - INFO - Acknowledgment received for arbitration_id=0x33
2024-11-24 00:18:04 - INFO - CAN operation complete.
2024-11-24 00:19:43 - INFO - CAN bus initialized successfully.
2024-11-24 00:19:43 - INFO - Message sent with arbitration_id=0x33 and data=bytearray(b'\x00\x19\x00\x01\x03\x01\x04\x01')
2024-11-24 00:19:43 - INFO - Acknowledgment received for arbitration_id=0x33
2024-11-24 00:19:43 - INFO - CAN operation complete.
2024-11-24 00:21:26 - INFO - CAN bus initialized successfully.
2024-11-24 00:21:26 - INFO - Message sent with arbitration_id=0x33 and data=bytearray(b'\x00\x19\x00\x01\x03\x01\x04\x01')
2024-11-24 00:21:26 - INFO - Acknowledgment received for arbitration_id=0x32
2024-11-24 00:21:26 - INFO - CAN operation complete.
2024-11-24 00:23:04 - INFO - CAN bus initialized successfully.
2024-11-24 00:23:04 - INFO - Message sent with arbitration_id=0x33 and data=bytearray(b'\x00\x19\x00\x01\x03\x01\x04\x01')
2024-11-24 00:23:09 - WARNING - No acknowledgment received. Retrying...
2024-11-24 00:23:09 - INFO - Message sent with arbitration_id=0x33 and data=bytearray(b'\x00\x19\x00\x01\x03\x01\x04\x01')
2024-11-24 00:23:14 - WARNING - No acknowledgment received. Retrying...
2024-11-24 00:23:14 - INFO - Message sent with arbitration_id=0x33 and data=bytearray(b'\x00\x19\x00\x01\x03\x01\x04\x01')
2024-11-24 00:23:19 - INFO - CAN operation complete.
2024-11-24 00:24:39 - INFO - CAN bus initialized successfully.
2024-11-24 00:24:39 - INFO - Message sent with arbitration_id=0x33 and data=bytearray(b'\x00\x19\x00\x01\x03\x01\x04\x01')
2024-11-24 00:24:39 - INFO - Acknowledgment received for arbitration_id=0x44
2024-11-24 00:24:39 - INFO - CAN operation complete.
2024-11-24 00:26:35 - INFO - CAN bus initialized successfully.
2024-11-24 00:26:35 - INFO - Message sent with arbitration_id=0x33 and data=bytearray(b'\x00\x19\x00\x01\x03\x01\x04\x01')
2024-11-24 00:26:35 - INFO - Acknowledgment received for arbitration_id=0x44
2024-11-24 00:26:35 - INFO - CAN operation complete.
2024-11-24 00:33:07 - INFO - CAN bus initialized successfully.
2024-11-24 00:33:07 - INFO - Message sent with arbitration_id=0x33 and data=bytearray(b'\x00\x19\x00\x01\x03\x01\x04\x01')
2024-11-24 00:33:12 - WARNING - No acknowledgment received. Retrying...
2024-11-24 00:33:12 - INFO - Message sent with arbitration_id=0x33 and data=bytearray(b'\x00\x19\x00\x01\x03\x01\x04\x01')
2024-11-24 00:33:17 - WARNING - No acknowledgment received. Retrying...
2024-11-24 00:33:17 - INFO - Message sent with arbitration_id=0x33 and data=bytearray(b'\x00\x19\x00\x01\x03\x01\x04\x01')
2024-11-24 00:33:22 - WARNING - No acknowledgment received. Retrying...
2024-11-24 00:33:22 - INFO - CAN operation complete.
2024-11-24 00:34:53 - INFO - CAN bus initialized successfully.
2024-11-24 00:34:53 - INFO - Message sent with arbitration_id=0x33 and data=bytearray(b'\x00\x19\x00\x01\x03\x01\x04\x01')
2024-11-24 00:34:53 - INFO - Acknowledgment received for arbitration_id=0x33
2024-11-24 00:34:53 - INFO - CAN operation complete.
